<?xml version="1.0" encoding="UTF-8"?>
<!-- Generated by org.testng.reporters.JUnitReportReporter -->
<testsuite hostname="DESKTOP-989B3IM" failures="0" tests="3" name="test.GuiTest" time="19.327" errors="0" timestamp="2021-07-19T12:07:38 CDT" skipped="0">
  <testcase classname="test.GuiTest" name="myFFTest" time="5.581"/>
  <system-out/>
  <testcase classname="test.GuiTest" name="myChromeTest" time="7.988"/>
  <system-out/>
  <testcase classname="test.GuiTest" name="myOperaTest" time="5.758"/>
  <system-out/>
</testsuite> <!-- test.GuiTest -->
